<?xml version="1.0" encoding="UTF-8"?>
<!-- Generated by org.testng.reporters.JUnitReportReporter -->
<testsuite hostname="LAPTOP-UM4OJ034" failures="0" tests="1" name="testngdemo1.testngdemo1" time="3.182" errors="0" timestamp="2022-12-21T16:18:10 IST" skipped="0">
  <testcase classname="testngdemo1.testngdemo1" name="googleSearch" time="3.182"/>
  <system-out/>
</testsuite> <!-- testngdemo1.testngdemo1 -->
