<?xml version="1.0" encoding="UTF-8"?>
<!-- Generated by org.testng.reporters.JUnitReportReporter -->
<testsuite hostname="LAPTOP-UM4OJ034" failures="0" tests="1" name="testngdemo1.testingdemo2" time="5.618" errors="0" timestamp="2022-12-21T16:08:03 IST" skipped="0">
  <testcase classname="testngdemo1.testingdemo2" name="googleSearch2" time="5.618"/>
  <system-out/>
</testsuite> <!-- testngdemo1.testingdemo2 -->
